

Error log timestamp Wednesday 02/14/07 09:51:55 PM

Runtime error: The parameter is incorrect. ( OS error 16r57 )

Error(Exception)>>defaultAction
Error(Exception)>>activateHandler: <anUndefinedObject> 
Error(Exception)>>handle
Error(Exception)>>signal
Error class(Exception class)>>signal: <'The parameter is inc...'> 
BasicProgram(Object)>>error: <'The parameter is inc...'> 
BasicProgram>>terminateRun: <anError> 
[] in BasicProgram>>errorHandlerBlock
ExceptionHandler>>evaluateResponseBlock: <aBlockClosure> for: <anError> 
[] in ExceptionHandler>>handle:
ProtectedFrameMarker(BlockClosure)>>setUnwind: <aBlockClosure> 
BlockClosure>>invisibleEnsure: <aBlockClosure> 
ExceptionHandler>>handle: <anError> 
ExceptionHandler>>findHandler: <anError> 
Error(Exception)>>activateHandler: <anExceptionHandler> 
Error(Exception)>>handle
Error(Exception)>>signal
Error class(Exception class)>>signal: <'The parameter is inc...'> 
OperatingSystemInformation(Object)>>osError: <87> 
OperatingSystemInformation(Object)>>osError
OperatingSystemInformation>>getErrorMessage: <193> 
DynamicLinkLibrary class(Object)>>osErrorMessage: <193> 
DynamicLinkLibrary class(Object)>>osError: <193> 
DynamicLinkLibrary class(Object)>>osError
DynamicLinkLibrary class>>open: <'C:\Documents and Set...'> 
BasicDLL>>from: <'deanslib.dll'> mode: <'DLL'> handle: <'#dd'> 
BasicDLL class(BasicFile class)>>from: <'deanslib.dll'> mode: <'DLL'> handle: <'#dd'> owner: <aBasicProgram> length: <anUndefinedObject> 
[] in OpenCommand>>using:
[] in BasicProgram>>begin
ExceptionHandler>>evaluateProtectedBlock: <aBlockClosure> 
[] in ExceptionHandler>>activateDuring:
ProtectedFrameMarker(BlockClosure)>>setUnwind: <aBlockClosure> 
BlockClosure>>invisibleEnsure: <aBlockClosure> 
ExceptionHandler>>activateDuring: <aBlockClosure> 
ExceptionHandler class>>handle: <anError class> with: <aBlockClosure> during: <aBlockClosure> 
BlockClosure>>on: <anError class> do: <aBlockClosure> 
BasicProgram>>begin
BasicProgram>>run
[] in BasicSourcePane>>run
BasicCompiler class>>compileFromString: <'''   Demonstration of...'> notify: <aBasicSourcePane> ifSuccess: <aBlockClosure> 
BasicSourcePane>>run
BasicSourceWindow>>run
BasicEditorModel>>run: <aToolbarButton> 
BasicEditorModel(Object)>>perform: <#run:> with: <aToolbarButton> 
ToolbarButton>>triggerClickedEvent
Message>>perform
NotificationManager>>runPendingEvents
NotificationManager>>runEventLoop
Message>>perform
Message>>evaluate
