

Error log timestamp Thursday 01/25/07 08:20:18 PM

Runtime error: invalid branch label: [sendall]

Error(Exception)>>defaultAction
Error(Exception)>>activateHandler: <anUndefinedObject> 
Error(Exception)>>handle
Error(Exception)>>signal
Error class(Exception class)>>signal: <'invalid branch label...'> 
BasicProgram(Object)>>error: <'invalid branch label...'> 
BasicProgram>>goto: <'[sendall]'> 
BasicProgram>>gotoAndIfStoppedBegin: <'[sendall]'> 
BasicProgram>>handlerName: <'[sendall]'> evaluate: <aBlockClosure> callParameters: <anOrderedCollection> 
BasicProgram>>submitHandlerName: <'[sendall]'> evaluate: <aBlockClosure> callParameters: <anOrderedCollection> 
BasicProgram>>submitHandlerName: <'[sendall]'> callParameters: <anOrderedCollection> 
LibButton>>click
BasicWindow>>click: <aLibButton> 
LibButton(Button)>>click: <aLibButton> 
Message>>perform
Message>>evaluate
LibButton(Object)>>triggerEvent: <#clicked> 
LibButton(Button)>>triggerClickedEvent
LibButton(Button)>>notifyClicked: <1180000> 
LibButton(ControlPane)>>asyncControlEvent: <0> with: <1180000> 
Message>>perform
NotificationManager>>empty
NotificationManager>>runPendingEvents
NotificationManager>>runEventLoop
Message>>perform
Message>>evaluate
Process>>safelyEvaluate: <aMessage> 
Process>>evaluate: <aMessage> 


Error log timestamp Thursday 01/25/07 08:23:31 PM

Runtime error: Error opening file: \\tyler\chat\*.using

Error(Exception)>>defaultAction
Error(Exception)>>activateHandler: <anUndefinedObject> 
Error(Exception)>>handle
Error(Exception)>>signal
Error class(Exception class)>>signal: <'Error opening file: ...'> 
BasicProgram(Object)>>error: <'Error opening file: ...'> 
BasicProgram>>terminateRun: <anError> 
[] in BasicProgram>>errorHandlerBlock
ExceptionHandler>>evaluateResponseBlock: <aBlockClosure> for: <anError> 
[] in ExceptionHandler>>handle:
ProtectedFrameMarker(BlockClosure)>>setUnwind: <aBlockClosure> 
BlockClosure>>invisibleEnsure: <aBlockClosure> 
ExceptionHandler>>handle: <anError> 
ExceptionHandler>>findHandler: <anError> 
Error(Exception)>>activateHandler: <anExceptionHandler> 
Error(Exception)>>handle
Error(Exception)>>signal
Error class(Exception class)>>signal: <'Error opening file: ...'> 
BasicFile(Object)>>error: <'Error opening file: ...'> 
[] in BasicFile>>from:mode:handle:
ExceptionHandler>>evaluateResponseBlock: <aBlockClosure> for: <aFileError> 
[] in ExceptionHandler>>handle:
ProtectedFrameMarker(BlockClosure)>>setUnwind: <aBlockClosure> 
BlockClosure>>invisibleEnsure: <aBlockClosure> 
ExceptionHandler>>handle: <aFileError> 
ExceptionHandler>>findHandler: <aFileError> 
FileError(Exception)>>activateHandler: <anExceptionHandler> 
FileError(Exception)>>handle
FileError(Exception)>>signal
FileError class>>signal: <'OS Error: The filena...'> hostErrorCode: <123> 
HostFileSystemError>>defaultAction
ExceptionHandler>>findHandler: <aHostFileSystemError> 
HostFileSystemError(Exception)>>activateHandler: <anExceptionHandler> 
HostFileSystemError(Exception)>>handle
HostFileSystemError(Exception)>>signal
HostFileSystemError class>>signalWith: <123> 
FileHandle class>>osError: <123> 
FileHandle class(Object)>>osError
[] in FileHandle class>>open:access:share:create:attributes:
ExceptionHandler>>evaluateProtectedBlock: <aBlockClosure> 
[] in ExceptionHandler>>activateDuring:
ProtectedFrameMarker(BlockClosure)>>setUnwind: <aBlockClosure> 
BlockClosure>>invisibleEnsure: <aBlockClosure> 
ExceptionHandler>>activateDuring: <aBlockClosure> 
ExceptionHandler class>>handle: <anExceptionSet> with: <aBlockClosure> during: <aBlockClosure> 
BlockClosure>>on: <anExceptionSet> do: <aBlockClosure> 
FileHandle class>>open: <'\\tyler\chat\*.using'> access: <3221225472> share: <3> create: <1> attributes: <128> 
File class>>createFileNamed: <'\\tyler\chat\*.using'> 
File>>create
Directory>>newFile: <'*.using'> 


Error log timestamp Wednesday 02/06/08 02:59:48 PM

Runtime error: Error opening file: \\192.168.1.109\Test\test.txt

Error(Exception)>>defaultAction
Error(Exception)>>activateHandler: <anUndefinedObject> 
Error(Exception)>>handle
Error(Exception)>>signal
Error class(Exception class)>>signal: <'Error opening file: ...'> 
BasicProgram(Object)>>error: <'Error opening file: ...'> 
BasicProgram>>terminateRun: <anError> 
[] in BasicProgram>>errorHandlerBlock
ExceptionHandler>>evaluateResponseBlock: <aBlockClosure> for: <anError> 
[] in ExceptionHandler>>handle:
ProtectedFrameMarker(BlockClosure)>>setUnwind: <aBlockClosure> 
BlockClosure>>invisibleEnsure: <aBlockClosure> 
ExceptionHandler>>handle: <anError> 
ExceptionHandler>>findHandler: <anError> 
Error(Exception)>>activateHandler: <anExceptionHandler> 
Error(Exception)>>handle
Error(Exception)>>signal
Error class(Exception class)>>signal: <'Error opening file: ...'> 
BasicFile(Object)>>error: <'Error opening file: ...'> 
[] in BasicFile>>from:mode:handle:
ExceptionHandler>>evaluateResponseBlock: <aBlockClosure> for: <aFileError> 
[] in ExceptionHandler>>handle:
ProtectedFrameMarker(BlockClosure)>>setUnwind: <aBlockClosure> 
BlockClosure>>invisibleEnsure: <aBlockClosure> 
ExceptionHandler>>handle: <aFileError> 
ExceptionHandler>>findHandler: <aFileError> 
FileError(Exception)>>activateHandler: <anExceptionHandler> 
FileError(Exception)>>handle
FileError(Exception)>>signal
FileError class>>signal: <'OS Error: The networ...'> hostErrorCode: <67> 
HostFileSystemError>>defaultAction
ExceptionHandler>>findHandler: <aHostFileSystemError> 
HostFileSystemError(Exception)>>activateHandler: <anExceptionHandler> 
HostFileSystemError(Exception)>>handle
HostFileSystemError(Exception)>>signal
HostFileSystemError class>>signalWith: <67> 
FileHandle class>>osError: <67> 
FileHandle class(Object)>>osError
[] in FileHandle class>>open:access:share:create:attributes:
ExceptionHandler>>evaluateProtectedBlock: <aBlockClosure> 
[] in ExceptionHandler>>activateDuring:
ProtectedFrameMarker(BlockClosure)>>setUnwind: <aBlockClosure> 
BlockClosure>>invisibleEnsure: <aBlockClosure> 
ExceptionHandler>>activateDuring: <aBlockClosure> 
ExceptionHandler class>>handle: <anExceptionSet> with: <aBlockClosure> during: <aBlockClosure> 
BlockClosure>>on: <anExceptionSet> do: <aBlockClosure> 
FileHandle class>>open: <'\\192.168.1.109\Test...'> access: <3221225472> share: <3> create: <1> attributes: <128> 
File class>>createFileNamed: <'\\192.168.1.109\Test...'> 
File>>create
Directory>>newFile: <'test.txt'> 
