

Error log timestamp Tuesday 08/29/06 01:34:58 PM

Runtime error: file not found: www.yahoo.com

Error(Exception)>>defaultAction
Error(Exception)>>activateHandler: <anUndefinedObject> 
Error(Exception)>>handle
Error(Exception)>>signal
Error class(Exception class)>>signal: <'file not found: www....'> 
BasicProgram(Object)>>error: <'file not found: www....'> 
BasicProgram>>terminateRun: <anError> 
[] in BasicProgram>>errorHandlerBlock
ExceptionHandler>>evaluateResponseBlock: <aBlockClosure> for: <anError> 
[] in ExceptionHandler>>handle:
ProtectedFrameMarker(BlockClosure)>>setUnwind: <aBlockClosure> 
BlockClosure>>invisibleEnsure: <aBlockClosure> 
ExceptionHandler>>handle: <anError> 
ExceptionHandler>>findHandler: <anError> 
Error(Exception)>>activateHandler: <anExceptionHandler> 
Error(Exception)>>handle
Error(Exception)>>signal
Error class(Exception class)>>signal: <'file not found: www....'> 
BasicProgram(Object)>>error: <'file not found: www....'> 
[] in RunCommand>>using:
[] in BasicProgram>>begin
ExceptionHandler>>evaluateProtectedBlock: <aBlockClosure> 
[] in ExceptionHandler>>activateDuring:
ProtectedFrameMarker(BlockClosure)>>setUnwind: <aBlockClosure> 
BlockClosure>>invisibleEnsure: <aBlockClosure> 
ExceptionHandler>>activateDuring: <aBlockClosure> 
ExceptionHandler class>>handle: <anError class> with: <aBlockClosure> during: <aBlockClosure> 
BlockClosure>>on: <anError class> do: <aBlockClosure> 
BasicProgram>>begin
BasicProgram>>run
[] in BasicSourcePane>>run
BasicCompiler class>>compileFromString: <'run "www.yahoo.com"...'> notify: <aBasicSourcePane> ifSuccess: <aBlockClosure> 
BasicSourcePane>>run
BasicSourceWindow>>run
BasicEditorModel>>run: <aToolbarButton> 
BasicEditorModel(Object)>>perform: <#run:> with: <aToolbarButton> 
ToolbarButton>>triggerClickedEvent
Message>>perform
NotificationManager>>runPendingEvents
NotificationManager>>runEventLoop
Message>>perform
Message>>evaluate
Process>>safelyEvaluate: <aMessage> 
Process>>evaluate: <aMessage> 
