

Error log timestamp Monday 01/30/06 12:47:39 PM

Runtime error: newsprite spritename bmpname1 bmpname2 ...

Error(Exception)>>defaultAction
Error(Exception)>>activateHandler: <anUndefinedObject> 
Error(Exception)>>handle
Error(Exception)>>signal
Error class(Exception class)>>signal: <'newsprite spritename...'> 
BasicProgram(Object)>>error: <'newsprite spritename...'> 
BasicProgram>>terminateRun: <anError> 
[] in BasicProgram>>errorHandlerBlock
ExceptionHandler>>evaluateResponseBlock: <aBlockClosure> for: <anError> 
[] in ExceptionHandler>>handle:
ProtectedFrameMarker(BlockClosure)>>setUnwind: <aBlockClosure> 
BlockClosure>>invisibleEnsure: <aBlockClosure> 
ExceptionHandler>>handle: <anError> 
ExceptionHandler>>findHandler: <anError> 
Error(Exception)>>activateHandler: <anExceptionHandler> 
Error(Exception)>>handle
Error(Exception)>>signal
Error class(Exception class)>>signal: <'newsprite spritename...'> 
BasicProgram(Object)>>error: <'newsprite spritename...'> 
BasicProgram>>runError: <'newsprite spritename...'> 
BasicGraphicDevice>>writeItem: <'addsprite grass1 '> 
BasicGraphicDevice(BasicFile)>>writeItemCr: <'addsprite grass1 '> 
[] in PrintCommand>>deviceCr:handle:
BlockClosure>>value: <aBasicProgram> value: <'#main'> value: <aBasicStringContext> 
BasicTripleParameterContextHolder>>value
[] in BasicProgram>>begin
ExceptionHandler>>evaluateProtectedBlock: <aBlockClosure> 
[] in ExceptionHandler>>activateDuring:
ProtectedFrameMarker(BlockClosure)>>setUnwind: <aBlockClosure> 
BlockClosure>>invisibleEnsure: <aBlockClosure> 
ExceptionHandler>>activateDuring: <aBlockClosure> 
ExceptionHandler class>>handle: <anError class> with: <aBlockClosure> during: <aBlockClosure> 
BlockClosure>>on: <anError class> do: <aBlockClosure> 
BasicProgram>>begin
BasicProgram>>run
[] in BasicSourcePane>>run
BasicCompiler class>>compileFromString: <'''This code clip cont...'> notify: <aBasicSourcePane> ifSuccess: <aBlockClosure> 
BasicSourcePane>>run
BasicSourceWindow>>run
BasicEditorModel>>run: <aToolbarButton> 
BasicEditorModel(Object)>>perform: <#run:> with: <aToolbarButton> 
ToolbarButton>>triggerClickedEvent
Message>>perform
NotificationManager>>runPendingEvents
NotificationManager>>runEventLoop
Message>>perform
Message>>evaluate
Process>>safelyEvaluate: <aMessage> 
Process>>evaluate: <aMessage> 


Error log timestamp Monday 01/30/06 12:49:01 PM

Runtime error: newsprite spritename bmpname1 bmpname2 ...

Error(Exception)>>defaultAction
Error(Exception)>>activateHandler: <anUndefinedObject> 
Error(Exception)>>handle
Error(Exception)>>signal
Error class(Exception class)>>signal: <'newsprite spritename...'> 
BasicProgram(Object)>>error: <'newsprite spritename...'> 
BasicProgram>>terminateRun: <anError> 
[] in BasicProgram>>errorHandlerBlock
ExceptionHandler>>evaluateResponseBlock: <aBlockClosure> for: <anError> 
[] in ExceptionHandler>>handle:
ProtectedFrameMarker(BlockClosure)>>setUnwind: <aBlockClosure> 
BlockClosure>>invisibleEnsure: <aBlockClosure> 
ExceptionHandler>>handle: <anError> 
ExceptionHandler>>findHandler: <anError> 
Error(Exception)>>activateHandler: <anExceptionHandler> 
Error(Exception)>>handle
Error(Exception)>>signal
Error class(Exception class)>>signal: <'newsprite spritename...'> 
BasicProgram(Object)>>error: <'newsprite spritename...'> 
BasicProgram>>runError: <'newsprite spritename...'> 
BasicGraphicDevice>>writeItem: <'addsprite grass1 '> 
BasicGraphicDevice(BasicFile)>>writeItemCr: <'addsprite grass1 '> 
[] in PrintCommand>>deviceCr:handle:
BlockClosure>>value: <aBasicProgram> value: <'#main'> value: <aBasicStringContext> 
BasicTripleParameterContextHolder>>value
[] in BasicProgram>>begin
ExceptionHandler>>evaluateProtectedBlock: <aBlockClosure> 
[] in ExceptionHandler>>activateDuring:
ProtectedFrameMarker(BlockClosure)>>setUnwind: <aBlockClosure> 
BlockClosure>>invisibleEnsure: <aBlockClosure> 
ExceptionHandler>>activateDuring: <aBlockClosure> 
ExceptionHandler class>>handle: <anError class> with: <aBlockClosure> during: <aBlockClosure> 
BlockClosure>>on: <anError class> do: <aBlockClosure> 
BasicProgram>>begin
BasicProgram>>run
[] in BasicSourcePane>>run
BasicCompiler class>>compileFromString: <'''This code clip cont...'> notify: <aBasicSourcePane> ifSuccess: <aBlockClosure> 
BasicSourcePane>>run
BasicSourceWindow>>run
BasicEditorModel>>run: <aToolbarButton> 
BasicEditorModel(Object)>>perform: <#run:> with: <aToolbarButton> 
ToolbarButton>>triggerClickedEvent
Message>>perform
NotificationManager>>runPendingEvents
NotificationManager>>runEventLoop
Message>>perform
Message>>evaluate
Process>>safelyEvaluate: <aMessage> 
Process>>evaluate: <aMessage> 


Error log timestamp Monday 01/30/06 12:50:37 PM

Runtime error: newsprite spritename bmpname1 bmpname2 ...

Error(Exception)>>defaultAction
Error(Exception)>>activateHandler: <anUndefinedObject> 
Error(Exception)>>handle
Error(Exception)>>signal
Error class(Exception class)>>signal: <'newsprite spritename...'> 
BasicProgram(Object)>>error: <'newsprite spritename...'> 
BasicProgram>>terminateRun: <anError> 
[] in BasicProgram>>errorHandlerBlock
ExceptionHandler>>evaluateResponseBlock: <aBlockClosure> for: <anError> 
[] in ExceptionHandler>>handle:
ProtectedFrameMarker(BlockClosure)>>setUnwind: <aBlockClosure> 
BlockClosure>>invisibleEnsure: <aBlockClosure> 
ExceptionHandler>>handle: <anError> 
ExceptionHandler>>findHandler: <anError> 
Error(Exception)>>activateHandler: <anExceptionHandler> 
Error(Exception)>>handle
Error(Exception)>>signal
Error class(Exception class)>>signal: <'newsprite spritename...'> 
BasicProgram(Object)>>error: <'newsprite spritename...'> 
BasicProgram>>runError: <'newsprite spritename...'> 
BasicGraphicDevice>>writeItem: <'addsprite endob '> 
BasicGraphicDevice(BasicFile)>>writeItemCr: <'addsprite endob '> 
[] in PrintCommand>>deviceCr:handle:
BlockClosure>>value: <aBasicProgram> value: <'#main'> value: <aBasicStringContext> 
BasicTripleParameterContextHolder>>value
[] in BasicProgram>>begin
ExceptionHandler>>evaluateProtectedBlock: <aBlockClosure> 
[] in ExceptionHandler>>activateDuring:
ProtectedFrameMarker(BlockClosure)>>setUnwind: <aBlockClosure> 
BlockClosure>>invisibleEnsure: <aBlockClosure> 
ExceptionHandler>>activateDuring: <aBlockClosure> 
ExceptionHandler class>>handle: <anError class> with: <aBlockClosure> during: <aBlockClosure> 
BlockClosure>>on: <anError class> do: <aBlockClosure> 
BasicProgram>>begin
BasicProgram>>run
[] in BasicSourcePane>>run
BasicCompiler class>>compileFromString: <'''This code clip cont...'> notify: <aBasicSourcePane> ifSuccess: <aBlockClosure> 
BasicSourcePane>>run
BasicSourceWindow>>run
BasicEditorModel>>run: <aToolbarButton> 
BasicEditorModel(Object)>>perform: <#run:> with: <aToolbarButton> 
ToolbarButton>>triggerClickedEvent
Message>>perform
NotificationManager>>runPendingEvents
NotificationManager>>runEventLoop
Message>>perform
Message>>evaluate
Process>>safelyEvaluate: <aMessage> 
Process>>evaluate: <aMessage> 


Error log timestamp Monday 01/30/06 01:10:04 PM

Runtime error: newsprite spritename bmpname1 bmpname2 ...

Error(Exception)>>defaultAction
Error(Exception)>>activateHandler: <anUndefinedObject> 
Error(Exception)>>handle
Error(Exception)>>signal
Error class(Exception class)>>signal: <'newsprite spritename...'> 
BasicProgram(Object)>>error: <'newsprite spritename...'> 
BasicProgram>>terminateRun: <anError> 
[] in BasicProgram>>errorHandlerBlock
ExceptionHandler>>evaluateResponseBlock: <aBlockClosure> for: <anError> 
[] in ExceptionHandler>>handle:
ProtectedFrameMarker(BlockClosure)>>setUnwind: <aBlockClosure> 
BlockClosure>>invisibleEnsure: <aBlockClosure> 
ExceptionHandler>>handle: <anError> 
ExceptionHandler>>findHandler: <anError> 
Error(Exception)>>activateHandler: <anExceptionHandler> 
Error(Exception)>>handle
Error(Exception)>>signal
Error class(Exception class)>>signal: <'newsprite spritename...'> 
BasicProgram(Object)>>error: <'newsprite spritename...'> 
BasicProgram>>runError: <'newsprite spritename...'> 
BasicGraphicDevice>>writeItem: <'addsprite endob '> 
BasicGraphicDevice(BasicFile)>>writeItemCr: <'addsprite endob '> 
[] in PrintCommand>>deviceCr:handle:
BlockClosure>>value: <aBasicProgram> value: <'#main'> value: <aBasicStringContext> 
BasicTripleParameterContextHolder>>value
[] in BasicProgram>>begin
ExceptionHandler>>evaluateProtectedBlock: <aBlockClosure> 
[] in ExceptionHandler>>activateDuring:
ProtectedFrameMarker(BlockClosure)>>setUnwind: <aBlockClosure> 
BlockClosure>>invisibleEnsure: <aBlockClosure> 
ExceptionHandler>>activateDuring: <aBlockClosure> 
ExceptionHandler class>>handle: <anError class> with: <aBlockClosure> during: <aBlockClosure> 
BlockClosure>>on: <anError class> do: <aBlockClosure> 
BasicProgram>>begin
BasicProgram>>run
[] in BasicSourcePane>>run
BasicCompiler class>>compileFromString: <'''This code clip cont...'> notify: <aBasicSourcePane> ifSuccess: <aBlockClosure> 
BasicSourcePane>>run
BasicSourceWindow>>run
BasicEditorModel>>run: <aToolbarButton> 
ToolbarButton>>triggerClickedEvent
Message>>perform
NotificationManager>>runPendingEvents
NotificationManager>>runEventLoop
Message>>perform
Message>>evaluate
Process>>safelyEvaluate: <aMessage> 
Process>>evaluate: <aMessage> 


Error log timestamp Monday 01/30/06 01:10:34 PM

Runtime error: newsprite spritename bmpname1 bmpname2 ...

Error(Exception)>>defaultAction
Error(Exception)>>activateHandler: <anUndefinedObject> 
Error(Exception)>>handle
Error(Exception)>>signal
Error class(Exception class)>>signal: <'newsprite spritename...'> 
BasicProgram(Object)>>error: <'newsprite spritename...'> 
BasicProgram>>terminateRun: <anError> 
[] in BasicProgram>>errorHandlerBlock
ExceptionHandler>>evaluateResponseBlock: <aBlockClosure> for: <anError> 
[] in ExceptionHandler>>handle:
ProtectedFrameMarker(BlockClosure)>>setUnwind: <aBlockClosure> 
BlockClosure>>invisibleEnsure: <aBlockClosure> 
ExceptionHandler>>handle: <anError> 
ExceptionHandler>>findHandler: <anError> 
Error(Exception)>>activateHandler: <anExceptionHandler> 
Error(Exception)>>handle
Error(Exception)>>signal
Error class(Exception class)>>signal: <'newsprite spritename...'> 
BasicProgram(Object)>>error: <'newsprite spritename...'> 
BasicProgram>>runError: <'newsprite spritename...'> 
BasicGraphicDevice>>writeItem: <'addsprite endob '> 
BasicGraphicDevice(BasicFile)>>writeItemCr: <'addsprite endob '> 
[] in PrintCommand>>deviceCr:handle:
BlockClosure>>value: <aBasicProgram> value: <'#main'> value: <aBasicStringContext> 
BasicTripleParameterContextHolder>>value
[] in BasicProgram>>begin
ExceptionHandler>>evaluateProtectedBlock: <aBlockClosure> 
[] in ExceptionHandler>>activateDuring:
ProtectedFrameMarker(BlockClosure)>>setUnwind: <aBlockClosure> 
BlockClosure>>invisibleEnsure: <aBlockClosure> 
ExceptionHandler>>activateDuring: <aBlockClosure> 
ExceptionHandler class>>handle: <anError class> with: <aBlockClosure> during: <aBlockClosure> 
BlockClosure>>on: <anError class> do: <aBlockClosure> 
BasicProgram>>begin
BasicProgram>>run
[] in BasicSourcePane>>run
BasicCompiler class>>compileFromString: <'''This code clip cont...'> notify: <aBasicSourcePane> ifSuccess: <aBlockClosure> 
BasicSourcePane>>run
BasicSourceWindow>>run
BasicEditorModel>>run: <aToolbarButton> 
ToolbarButton>>triggerClickedEvent
Message>>perform
NotificationManager>>runPendingEvents
NotificationManager>>runEventLoop
Message>>perform
Message>>evaluate
Process>>safelyEvaluate: <aMessage> 
Process>>evaluate: <aMessage> 


Error log timestamp Monday 01/30/06 01:10:56 PM

Runtime error: newsprite spritename bmpname1 bmpname2 ...

Error(Exception)>>defaultAction
Error(Exception)>>activateHandler: <anUndefinedObject> 
Error(Exception)>>handle
Error(Exception)>>signal
Error class(Exception class)>>signal: <'newsprite spritename...'> 
BasicProgram(Object)>>error: <'newsprite spritename...'> 
BasicProgram>>terminateRun: <anError> 
[] in BasicProgram>>errorHandlerBlock
ExceptionHandler>>evaluateResponseBlock: <aBlockClosure> for: <anError> 
[] in ExceptionHandler>>handle:
ProtectedFrameMarker(BlockClosure)>>setUnwind: <aBlockClosure> 
BlockClosure>>invisibleEnsure: <aBlockClosure> 
ExceptionHandler>>handle: <anError> 
ExceptionHandler>>findHandler: <anError> 
Error(Exception)>>activateHandler: <anExceptionHandler> 
Error(Exception)>>handle
Error(Exception)>>signal
Error class(Exception class)>>signal: <'newsprite spritename...'> 
BasicProgram(Object)>>error: <'newsprite spritename...'> 
BasicProgram>>runError: <'newsprite spritename...'> 
BasicGraphicDevice>>writeItem: <'addsprite endob '> 
BasicGraphicDevice(BasicFile)>>writeItemCr: <'addsprite endob '> 
[] in PrintCommand>>deviceCr:handle:
BlockClosure>>value: <aBasicProgram> value: <'#main'> value: <aBasicStringContext> 
BasicTripleParameterContextHolder>>value
[] in BasicProgram>>begin
ExceptionHandler>>evaluateProtectedBlock: <aBlockClosure> 
[] in ExceptionHandler>>activateDuring:
ProtectedFrameMarker(BlockClosure)>>setUnwind: <aBlockClosure> 
BlockClosure>>invisibleEnsure: <aBlockClosure> 
ExceptionHandler>>activateDuring: <aBlockClosure> 
ExceptionHandler class>>handle: <anError class> with: <aBlockClosure> during: <aBlockClosure> 
BlockClosure>>on: <anError class> do: <aBlockClosure> 
BasicProgram>>begin
BasicProgram>>run
[] in BasicSourcePane>>run
BasicCompiler class>>compileFromString: <'''This code clip cont...'> notify: <aBasicSourcePane> ifSuccess: <aBlockClosure> 
BasicSourcePane>>run
BasicSourceWindow>>run
BasicEditorModel>>run: <aToolbarButton> 
BasicEditorModel(Object)>>perform: <#run:> with: <aToolbarButton> 
ToolbarButton>>triggerClickedEvent
Message>>perform
NotificationManager>>runPendingEvents
NotificationManager>>runEventLoop
Message>>perform
Message>>evaluate
Process>>safelyEvaluate: <aMessage> 
Process>>evaluate: <aMessage> 


Error log timestamp Monday 01/30/06 01:11:35 PM

Runtime error: newsprite spritename bmpname1 bmpname2 ...

Error(Exception)>>defaultAction
Error(Exception)>>activateHandler: <anUndefinedObject> 
Error(Exception)>>handle
Error(Exception)>>signal
Error class(Exception class)>>signal: <'newsprite spritename...'> 
BasicProgram(Object)>>error: <'newsprite spritename...'> 
BasicProgram>>terminateRun: <anError> 
[] in BasicProgram>>errorHandlerBlock
ExceptionHandler>>evaluateResponseBlock: <aBlockClosure> for: <anError> 
[] in ExceptionHandler>>handle:
ProtectedFrameMarker(BlockClosure)>>setUnwind: <aBlockClosure> 
BlockClosure>>invisibleEnsure: <aBlockClosure> 
ExceptionHandler>>handle: <anError> 
ExceptionHandler>>findHandler: <anError> 
Error(Exception)>>activateHandler: <anExceptionHandler> 
Error(Exception)>>handle
Error(Exception)>>signal
Error class(Exception class)>>signal: <'newsprite spritename...'> 
BasicProgram(Object)>>error: <'newsprite spritename...'> 
BasicProgram>>runError: <'newsprite spritename...'> 
BasicGraphicDevice>>writeItem: <'addsprite grass1 '> 
BasicGraphicDevice(BasicFile)>>writeItemCr: <'addsprite grass1 '> 
[] in PrintCommand>>deviceCr:handle:
BlockClosure>>value: <aBasicProgram> value: <'#main'> value: <aBasicStringContext> 
BasicTripleParameterContextHolder>>value
[] in BasicProgram>>begin
ExceptionHandler>>evaluateProtectedBlock: <aBlockClosure> 
[] in ExceptionHandler>>activateDuring:
ProtectedFrameMarker(BlockClosure)>>setUnwind: <aBlockClosure> 
BlockClosure>>invisibleEnsure: <aBlockClosure> 
ExceptionHandler>>activateDuring: <aBlockClosure> 
ExceptionHandler class>>handle: <anError class> with: <aBlockClosure> during: <aBlockClosure> 
BlockClosure>>on: <anError class> do: <aBlockClosure> 
BasicProgram>>begin
BasicProgram>>run
[] in BasicSourcePane>>run
BasicCompiler class>>compileFromString: <'''This code clip cont...'> notify: <aBasicSourcePane> ifSuccess: <aBlockClosure> 
BasicSourcePane>>run
BasicSourceWindow>>run
BasicEditorModel>>run: <aToolbarButton> 
BasicEditorModel(Object)>>perform: <#run:> with: <aToolbarButton> 
ToolbarButton>>triggerClickedEvent
Message>>perform
NotificationManager>>runPendingEvents
NotificationManager>>runEventLoop
Message>>perform
Message>>evaluate
Process>>safelyEvaluate: <aMessage> 
Process>>evaluate: <aMessage> 


Error log timestamp Monday 01/30/06 01:12:05 PM

Runtime error: newsprite spritename bmpname1 bmpname2 ...

Error(Exception)>>defaultAction
Error(Exception)>>activateHandler: <anUndefinedObject> 
Error(Exception)>>handle
Error(Exception)>>signal
Error class(Exception class)>>signal: <'newsprite spritename...'> 
BasicProgram(Object)>>error: <'newsprite spritename...'> 
BasicProgram>>terminateRun: <anError> 
[] in BasicProgram>>errorHandlerBlock
ExceptionHandler>>evaluateResponseBlock: <aBlockClosure> for: <anError> 
[] in ExceptionHandler>>handle:
ProtectedFrameMarker(BlockClosure)>>setUnwind: <aBlockClosure> 
BlockClosure>>invisibleEnsure: <aBlockClosure> 
ExceptionHandler>>handle: <anError> 
ExceptionHandler>>findHandler: <anError> 
Error(Exception)>>activateHandler: <anExceptionHandler> 
Error(Exception)>>handle
Error(Exception)>>signal
Error class(Exception class)>>signal: <'newsprite spritename...'> 
BasicProgram(Object)>>error: <'newsprite spritename...'> 
BasicProgram>>runError: <'newsprite spritename...'> 
BasicGraphicDevice>>writeItem: <'addsprite grass1 '> 
BasicGraphicDevice(BasicFile)>>writeItemCr: <'addsprite grass1 '> 
[] in PrintCommand>>deviceCr:handle:
BlockClosure>>value: <aBasicProgram> value: <'#main'> value: <aBasicStringContext> 
BasicTripleParameterContextHolder>>value
[] in BasicProgram>>begin
ExceptionHandler>>evaluateProtectedBlock: <aBlockClosure> 
[] in ExceptionHandler>>activateDuring:
ProtectedFrameMarker(BlockClosure)>>setUnwind: <aBlockClosure> 
BlockClosure>>invisibleEnsure: <aBlockClosure> 
ExceptionHandler>>activateDuring: <aBlockClosure> 
ExceptionHandler class>>handle: <anError class> with: <aBlockClosure> during: <aBlockClosure> 
BlockClosure>>on: <anError class> do: <aBlockClosure> 
BasicProgram>>begin
BasicProgram>>run
[] in BasicSourcePane>>run
BasicCompiler class>>compileFromString: <'''This code clip cont...'> notify: <aBasicSourcePane> ifSuccess: <aBlockClosure> 
BasicSourcePane>>run
BasicSourceWindow>>run
BasicEditorModel>>run: <aToolbarButton> 
BasicEditorModel(Object)>>perform: <#run:> with: <aToolbarButton> 
ToolbarButton>>triggerClickedEvent
Message>>perform
NotificationManager>>runPendingEvents
NotificationManager>>runEventLoop
Message>>perform
Message>>evaluate
Process>>safelyEvaluate: <aMessage> 
Process>>evaluate: <aMessage> 


Error log timestamp Monday 01/30/06 01:12:53 PM

Runtime error: newsprite spritename bmpname1 bmpname2 ...

Error(Exception)>>defaultAction
Error(Exception)>>activateHandler: <anUndefinedObject> 
Error(Exception)>>handle
Error(Exception)>>signal
Error class(Exception class)>>signal: <'newsprite spritename...'> 
BasicProgram(Object)>>error: <'newsprite spritename...'> 
BasicProgram>>terminateRun: <anError> 
[] in BasicProgram>>errorHandlerBlock
ExceptionHandler>>evaluateResponseBlock: <aBlockClosure> for: <anError> 
[] in ExceptionHandler>>handle:
ProtectedFrameMarker(BlockClosure)>>setUnwind: <aBlockClosure> 
BlockClosure>>invisibleEnsure: <aBlockClosure> 
ExceptionHandler>>handle: <anError> 
ExceptionHandler>>findHandler: <anError> 
Error(Exception)>>activateHandler: <anExceptionHandler> 
Error(Exception)>>handle
Error(Exception)>>signal
Error class(Exception class)>>signal: <'newsprite spritename...'> 
BasicProgram(Object)>>error: <'newsprite spritename...'> 
BasicProgram>>runError: <'newsprite spritename...'> 
BasicGraphicDevice>>writeItem: <'addsprite grass1 '> 
BasicGraphicDevice(BasicFile)>>writeItemCr: <'addsprite grass1 '> 
[] in PrintCommand>>deviceCr:handle:
BlockClosure>>value: <aBasicProgram> value: <'#main'> value: <aBasicStringContext> 
BasicTripleParameterContextHolder>>value
[] in BasicProgram>>begin
ExceptionHandler>>evaluateProtectedBlock: <aBlockClosure> 
[] in ExceptionHandler>>activateDuring:
ProtectedFrameMarker(BlockClosure)>>setUnwind: <aBlockClosure> 
BlockClosure>>invisibleEnsure: <aBlockClosure> 
ExceptionHandler>>activateDuring: <aBlockClosure> 
ExceptionHandler class>>handle: <anError class> with: <aBlockClosure> during: <aBlockClosure> 
BlockClosure>>on: <anError class> do: <aBlockClosure> 
BasicProgram>>begin
BasicProgram>>run
[] in BasicSourcePane>>run
BasicCompiler class>>compileFromString: <'''This code clip cont...'> notify: <aBasicSourcePane> ifSuccess: <aBlockClosure> 
BasicSourcePane>>run
BasicSourceWindow>>run
BasicEditorModel>>run: <aToolbarButton> 
BasicEditorModel(Object)>>perform: <#run:> with: <aToolbarButton> 
ToolbarButton>>triggerClickedEvent
Message>>perform
NotificationManager>>runPendingEvents
NotificationManager>>runEventLoop
Message>>perform
Message>>evaluate
Process>>safelyEvaluate: <aMessage> 
Process>>evaluate: <aMessage> 


Error log timestamp Monday 01/30/06 01:54:35 PM

Runtime error: Bad command for #main, Finishing

Error(Exception)>>defaultAction
Error(Exception)>>activateHandler: <anUndefinedObject> 
Error(Exception)>>handle
Error(Exception)>>signal
Error class(Exception class)>>signal: <'Bad command for #mai...'> 
BasicProgram(Object)>>error: <'Bad command for #mai...'> 
BasicProgram>>terminateRun: <anError> 
[] in BasicProgram>>errorHandlerBlock
ExceptionHandler>>evaluateResponseBlock: <aBlockClosure> for: <anError> 
[] in ExceptionHandler>>handle:
ProtectedFrameMarker(BlockClosure)>>setUnwind: <aBlockClosure> 
BlockClosure>>invisibleEnsure: <aBlockClosure> 
ExceptionHandler>>handle: <anError> 
ExceptionHandler>>findHandler: <anError> 
Error(Exception)>>activateHandler: <anExceptionHandler> 
Error(Exception)>>handle
Error(Exception)>>signal
Error class(Exception class)>>signal: <'Bad command for #mai...'> 
BasicProgram(Object)>>error: <'Bad command for #mai...'> 
BasicProgram>>runError: <'Bad command for #mai...'> 
BasicProgram>>badCommand: <'Finishing'> forHandle: <'#main'> 
BasicGraphicDevice>>writeItem: <'Finishing Process: E...'> 
BasicGraphicDevice(BasicFile)>>writeItemCr: <'Finishing Process: E...'> 
[] in PrintCommand>>deviceCr:handle:
BlockClosure>>value: <aBasicProgram> value: <'#main'> value: <aBasicStringContext> 
BasicTripleParameterContextHolder>>value
[] in BasicProgram>>begin
ExceptionHandler>>evaluateProtectedBlock: <aBlockClosure> 
[] in ExceptionHandler>>activateDuring:
ProtectedFrameMarker(BlockClosure)>>setUnwind: <aBlockClosure> 
BlockClosure>>invisibleEnsure: <aBlockClosure> 
ExceptionHandler>>activateDuring: <aBlockClosure> 
ExceptionHandler class>>handle: <anError class> with: <aBlockClosure> during: <aBlockClosure> 
BlockClosure>>on: <anError class> do: <aBlockClosure> 
BasicProgram>>begin
BasicProgram>>gotoAndIfStoppedBegin: <'[exit.main]'> 
BasicProgram>>handlerName: <'[exit.main]'> evaluate: <aBlockClosure> callParameters: <anOrderedCollection> 
BasicProgram>>submitHandlerName: <'[exit.main]'> evaluate: <aBlockClosure> callParameters: <anOrderedCollection> 
BasicProgram>>submitHandlerName: <'[exit.main]'> callParameters: <anOrderedCollection> 
BasicGraphPane>>trapClose
Message>>perform
Message>>evaluate
TopPane(Object)>>triggerEvent: <#aboutToClose> 
TopPane>>isOkToClose
TopPane>>close
Message>>perform
NotificationManager>>empty
NotificationManager>>runPendingEvents
NotificationManager>>runEventLoop
Message>>perform
