

Error log timestamp Friday 01/27/06 02:40:28 PM

Runtime error: file not found: tknsys.exe myprog.tkn

Error(Exception)>>defaultAction
Error(Exception)>>activateHandler: <anUndefinedObject> 
Error(Exception)>>handle
Error(Exception)>>signal
Error class(Exception class)>>signal: <'file not found: tkns...'> 
BasicProgram(Object)>>error: <'file not found: tkns...'> 
BasicProgram>>terminateRun: <anError> 
[] in BasicProgram>>errorHandlerBlock
ExceptionHandler>>evaluateResponseBlock: <aBlockClosure> for: <anError> 
[] in ExceptionHandler>>handle:
ProtectedFrameMarker(BlockClosure)>>setUnwind: <aBlockClosure> 
BlockClosure>>invisibleEnsure: <aBlockClosure> 
ExceptionHandler>>handle: <anError> 
ExceptionHandler>>findHandler: <anError> 
Error(Exception)>>activateHandler: <anExceptionHandler> 
Error(Exception)>>handle
Error(Exception)>>signal
Error class(Exception class)>>signal: <'file not found: tkns...'> 
BasicProgram(Object)>>error: <'file not found: tkns...'> 
[] in RunCommand>>using:
[] in BasicProgram>>begin
ExceptionHandler>>evaluateProtectedBlock: <aBlockClosure> 
[] in ExceptionHandler>>activateDuring:
ProtectedFrameMarker(BlockClosure)>>setUnwind: <aBlockClosure> 
BlockClosure>>invisibleEnsure: <aBlockClosure> 
ExceptionHandler>>activateDuring: <aBlockClosure> 
ExceptionHandler class>>handle: <anError class> with: <aBlockClosure> during: <aBlockClosure> 
BlockClosure>>on: <anError class> do: <aBlockClosure> 
BasicProgram>>begin
BasicProgram>>acceptInput: <'run'> varName: <'fNgEnInPuT$'> 
BasicTextPane>>return
BasicTextPane>>keyboardInput: <aKeyboardInputEvent> 
Message>>perform
NotificationManager>>empty
NotificationManager>>runPendingEvents
NotificationManager>>runEventLoop
Message>>perform
Message>>evaluate
Process>>safelyEvaluate: <aMessage> 
Process>>evaluate: <aMessage> 


Error log timestamp Friday 01/27/06 02:45:15 PM

Runtime error: File C:\Documents and Settings\Tyler Minard\Desktop\GinPig\bmp\95sysbxd.bmp not found.

Error(Exception)>>defaultAction
Error(Exception)>>activateHandler: <anUndefinedObject> 
Error(Exception)>>handle
Error(Exception)>>signal
Error class(Exception class)>>signal: <'File C:\Documents an...'> 
BasicRunProgram(Object)>>error: <'File C:\Documents an...'> 
BasicRunProgram(BasicProgram)>>terminateRun: <anError> 
[] in BasicProgram>>errorHandlerBlock
ExceptionHandler>>evaluateResponseBlock: <aBlockClosure> for: <anError> 
[] in ExceptionHandler>>handle:
ProtectedFrameMarker(BlockClosure)>>setUnwind: <aBlockClosure> 
BlockClosure>>invisibleEnsure: <aBlockClosure> 
ExceptionHandler>>handle: <anError> 
ExceptionHandler>>findHandler: <anError> 
Error(Exception)>>activateHandler: <anExceptionHandler> 
Error(Exception)>>handle
Error(Exception)>>signal
Error class(Exception class)>>signal: <'File C:\Documents an...'> 
BasicRunProgram(Object)>>error: <'File C:\Documents an...'> 
BasicRunProgram(BasicProgram)>>runError: <'File C:\Documents an...'> 
BasicRunProgram(BasicProgram)>>bmpFromFile: <'C:\Documents and Set...'> 
BasicRunProgram(BasicProgram)>>bmpLoad: <aBasicStringContext> with: <aBasicStringContext> 
[] in BmpLoadCommand>>using:
[] in BasicRunProgram>>begin
ExceptionHandler>>evaluateProtectedBlock: <aBlockClosure> 
[] in ExceptionHandler>>activateDuring:
ProtectedFrameMarker(BlockClosure)>>setUnwind: <aBlockClosure> 
BlockClosure>>invisibleEnsure: <aBlockClosure> 
ExceptionHandler>>activateDuring: <aBlockClosure> 
ExceptionHandler class>>handle: <anError class> with: <aBlockClosure> during: <aBlockClosure> 
BlockClosure>>on: <anError class> do: <aBlockClosure> 
BasicRunProgram>>begin
BasicRunProgram(BasicProgram)>>run
BasicOnDemandCompiler class>>readTknFile: <aFileStream> callingProgram: <anUndefinedObject> commandLine: <''> 
Basic class>>start
Message>>perform
NotificationManager>>empty
NotificationManager>>runPendingEvents
NotificationManager>>runEventLoop
Message>>perform
Message>>evaluate
Process>>safelyEvaluate: <aMessage> 
Process>>evaluate: <aMessage> 


Error log timestamp Friday 01/27/06 02:46:21 PM

Runtime error: File C:\Documents and Settings\Tyler Minard\Desktop\GinPig\bmp\95sysbxd.bmp not found.

Error(Exception)>>defaultAction
Error(Exception)>>activateHandler: <anUndefinedObject> 
Error(Exception)>>handle
Error(Exception)>>signal
Error class(Exception class)>>signal: <'File C:\Documents an...'> 
BasicRunProgram(Object)>>error: <'File C:\Documents an...'> 
BasicRunProgram(BasicProgram)>>terminateRun: <anError> 
[] in BasicProgram>>errorHandlerBlock
ExceptionHandler>>evaluateResponseBlock: <aBlockClosure> for: <anError> 
[] in ExceptionHandler>>handle:
ProtectedFrameMarker(BlockClosure)>>setUnwind: <aBlockClosure> 
BlockClosure>>invisibleEnsure: <aBlockClosure> 
ExceptionHandler>>handle: <anError> 
ExceptionHandler>>findHandler: <anError> 
Error(Exception)>>activateHandler: <anExceptionHandler> 
Error(Exception)>>handle
Error(Exception)>>signal
Error class(Exception class)>>signal: <'File C:\Documents an...'> 
BasicRunProgram(Object)>>error: <'File C:\Documents an...'> 
BasicRunProgram(BasicProgram)>>runError: <'File C:\Documents an...'> 
BasicRunProgram(BasicProgram)>>bmpFromFile: <'C:\Documents and Set...'> 
BasicRunProgram(BasicProgram)>>bmpLoad: <aBasicStringContext> with: <aBasicStringContext> 
[] in BmpLoadCommand>>using:
[] in BasicRunProgram>>begin
ExceptionHandler>>evaluateProtectedBlock: <aBlockClosure> 
[] in ExceptionHandler>>activateDuring:
ProtectedFrameMarker(BlockClosure)>>setUnwind: <aBlockClosure> 
BlockClosure>>invisibleEnsure: <aBlockClosure> 
ExceptionHandler>>activateDuring: <aBlockClosure> 
ExceptionHandler class>>handle: <anError class> with: <aBlockClosure> during: <aBlockClosure> 
BlockClosure>>on: <anError class> do: <aBlockClosure> 
BasicRunProgram>>begin
BasicRunProgram(BasicProgram)>>run
BasicOnDemandCompiler class>>readTknFile: <aFileStream> callingProgram: <anUndefinedObject> commandLine: <''> 
Basic class>>start
Message>>perform
NotificationManager>>empty
NotificationManager>>runPendingEvents
NotificationManager>>runEventLoop
Message>>perform
Message>>evaluate
Process>>safelyEvaluate: <aMessage> 
Process>>evaluate: <aMessage> 


Error log timestamp Friday 01/27/06 03:01:45 PM

Runtime error: OS Error: The system cannot find the file specified.

Error(Exception)>>defaultAction
Error(Exception)>>activateHandler: <anUndefinedObject> 
Error(Exception)>>handle
Error(Exception)>>signal
Error class(Exception class)>>signal: <'OS Error: The system...'> 
BasicRunProgram(Object)>>error: <'OS Error: The system...'> 
BasicRunProgram(BasicProgram)>>terminateRun: <aFileError> 
[] in BasicProgram>>errorHandlerBlock
ExceptionHandler>>evaluateResponseBlock: <aBlockClosure> for: <aFileError> 
[] in ExceptionHandler>>handle:
ProtectedFrameMarker(BlockClosure)>>setUnwind: <aBlockClosure> 
BlockClosure>>invisibleEnsure: <aBlockClosure> 
ExceptionHandler>>handle: <aFileError> 
ExceptionHandler>>findHandler: <aFileError> 
FileError(Exception)>>activateHandler: <anExceptionHandler> 
FileError(Exception)>>handle
FileError(Exception)>>signal
FileError class>>signal: <'OS Error: The system...'> hostErrorCode: <2> 
HostFileSystemError>>defaultAction
ExceptionHandler>>findHandler: <aHostFileSystemError> 
HostFileSystemError(Exception)>>activateHandler: <anExceptionHandler> 
HostFileSystemError(Exception)>>handle
HostFileSystemError(Exception)>>signal
HostFileSystemError class>>signalWith: <2> 
FileHandle class>>osError: <2> 
FileHandle class(Object)>>osError
[] in FileHandle class>>open:access:share:create:attributes:
ExceptionHandler>>evaluateProtectedBlock: <aBlockClosure> 
[] in ExceptionHandler>>activateDuring:
ProtectedFrameMarker(BlockClosure)>>setUnwind: <aBlockClosure> 
BlockClosure>>invisibleEnsure: <aBlockClosure> 
ExceptionHandler>>activateDuring: <aBlockClosure> 
ExceptionHandler class>>handle: <anExceptionSet> with: <aBlockClosure> during: <aBlockClosure> 
BlockClosure>>on: <anExceptionSet> do: <aBlockClosure> 
FileHandle class>>open: <'C:\Documents and Set...'> access: <2147483648> share: <3> create: <3> attributes: <128> 
FileHandle class>>open: <'chart.txt'> in: <aDirectory> access: <2147483648> share: <3> create: <3> attributes: <128> 
FileHandle class>>openReadOnly: <'chart.txt'> in: <aDirectory> 
File>>openReadOnly
File>>readStream
File class>>pathNameReadOnly: <'chart.txt'> in: <aDirectory> 
Directory>>fileReadOnly: <'chart.txt'> 
BasicFile>>from: <'chart.txt'> mode: <'INPUT'> handle: <'#chart'> 
BasicFile class>>from: <'chart.txt'> mode: <'INPUT'> handle: <'#chart'> owner: <aBasicRunProgram> length: <anUndefinedObject> 
[] in OpenCommand>>using:
[] in BasicRunProgram>>begin
ExceptionHandler>>evaluateProtectedBlock: <aBlockClosure> 
[] in ExceptionHandler>>activateDuring:
ProtectedFrameMarker(BlockClosure)>>setUnwind: <aBlockClosure> 
BlockClosure>>invisibleEnsure: <aBlockClosure> 
ExceptionHandler>>activateDuring: <aBlockClosure> 


Error log timestamp Friday 01/27/06 03:05:05 PM

Runtime error: OS Error: The system cannot find the file specified.

Error(Exception)>>defaultAction
Error(Exception)>>activateHandler: <anUndefinedObject> 
Error(Exception)>>handle
Error(Exception)>>signal
Error class(Exception class)>>signal: <'OS Error: The system...'> 
BasicProgram(Object)>>error: <'OS Error: The system...'> 
BasicProgram>>terminateRun: <aFileError> 
[] in BasicProgram>>errorHandlerBlock
ExceptionHandler>>evaluateResponseBlock: <aBlockClosure> for: <aFileError> 
[] in ExceptionHandler>>handle:
ProtectedFrameMarker(BlockClosure)>>setUnwind: <aBlockClosure> 
BlockClosure>>invisibleEnsure: <aBlockClosure> 
ExceptionHandler>>handle: <aFileError> 
ExceptionHandler>>findHandler: <aFileError> 
FileError(Exception)>>activateHandler: <anExceptionHandler> 
FileError(Exception)>>handle
FileError(Exception)>>signal
FileError class>>signal: <'OS Error: The system...'> hostErrorCode: <2> 
HostFileSystemError>>defaultAction
ExceptionHandler>>findHandler: <aHostFileSystemError> 
HostFileSystemError(Exception)>>activateHandler: <anExceptionHandler> 
HostFileSystemError(Exception)>>handle
HostFileSystemError(Exception)>>signal
HostFileSystemError class>>signalWith: <2> 
FileHandle class>>osError: <2> 
FileHandle class(Object)>>osError
[] in FileHandle class>>open:access:share:create:attributes:
ExceptionHandler>>evaluateProtectedBlock: <aBlockClosure> 
[] in ExceptionHandler>>activateDuring:
ProtectedFrameMarker(BlockClosure)>>setUnwind: <aBlockClosure> 
BlockClosure>>invisibleEnsure: <aBlockClosure> 
ExceptionHandler>>activateDuring: <aBlockClosure> 
ExceptionHandler class>>handle: <anExceptionSet> with: <aBlockClosure> during: <aBlockClosure> 
BlockClosure>>on: <anExceptionSet> do: <aBlockClosure> 
FileHandle class>>open: <'C:\Documents and Set...'> access: <2147483648> share: <3> create: <3> attributes: <128> 
FileHandle class>>open: <'chart.txt'> in: <aDirectory> access: <2147483648> share: <3> create: <3> attributes: <128> 
FileHandle class>>openReadOnly: <'chart.txt'> in: <aDirectory> 
File>>openReadOnly
File>>readStream
File class>>pathNameReadOnly: <'chart.txt'> in: <aDirectory> 
Directory>>fileReadOnly: <'chart.txt'> 
BasicFile>>from: <'chart.txt'> mode: <'INPUT'> handle: <'#chart'> 
BasicFile class>>from: <'chart.txt'> mode: <'INPUT'> handle: <'#chart'> owner: <aBasicProgram> length: <anUndefinedObject> 
[] in OpenCommand>>using:
[] in BasicProgram>>begin
ExceptionHandler>>evaluateProtectedBlock: <aBlockClosure> 
[] in ExceptionHandler>>activateDuring:
ProtectedFrameMarker(BlockClosure)>>setUnwind: <aBlockClosure> 
BlockClosure>>invisibleEnsure: <aBlockClosure> 
ExceptionHandler>>activateDuring: <aBlockClosure> 


Error log timestamp Friday 01/27/06 03:05:19 PM

Runtime error: OS Error: The system cannot find the file specified.

Error(Exception)>>defaultAction
Error(Exception)>>activateHandler: <anUndefinedObject> 
Error(Exception)>>handle
Error(Exception)>>signal
Error class(Exception class)>>signal: <'OS Error: The system...'> 
BasicRunProgram(Object)>>error: <'OS Error: The system...'> 
BasicRunProgram(BasicProgram)>>terminateRun: <aFileError> 
[] in BasicProgram>>errorHandlerBlock
ExceptionHandler>>evaluateResponseBlock: <aBlockClosure> for: <aFileError> 
[] in ExceptionHandler>>handle:
ProtectedFrameMarker(BlockClosure)>>setUnwind: <aBlockClosure> 
BlockClosure>>invisibleEnsure: <aBlockClosure> 
ExceptionHandler>>handle: <aFileError> 
ExceptionHandler>>findHandler: <aFileError> 
FileError(Exception)>>activateHandler: <anExceptionHandler> 
FileError(Exception)>>handle
FileError(Exception)>>signal
FileError class>>signal: <'OS Error: The system...'> hostErrorCode: <2> 
HostFileSystemError>>defaultAction
ExceptionHandler>>findHandler: <aHostFileSystemError> 
HostFileSystemError(Exception)>>activateHandler: <anExceptionHandler> 
HostFileSystemError(Exception)>>handle
HostFileSystemError(Exception)>>signal
HostFileSystemError class>>signalWith: <2> 
FileHandle class>>osError: <2> 
FileHandle class(Object)>>osError
[] in FileHandle class>>open:access:share:create:attributes:
ExceptionHandler>>evaluateProtectedBlock: <aBlockClosure> 
[] in ExceptionHandler>>activateDuring:
ProtectedFrameMarker(BlockClosure)>>setUnwind: <aBlockClosure> 
BlockClosure>>invisibleEnsure: <aBlockClosure> 
ExceptionHandler>>activateDuring: <aBlockClosure> 
ExceptionHandler class>>handle: <anExceptionSet> with: <aBlockClosure> during: <aBlockClosure> 
BlockClosure>>on: <anExceptionSet> do: <aBlockClosure> 
FileHandle class>>open: <'C:\Documents and Set...'> access: <2147483648> share: <3> create: <3> attributes: <128> 
FileHandle class>>open: <'chart.txt'> in: <aDirectory> access: <2147483648> share: <3> create: <3> attributes: <128> 
FileHandle class>>openReadOnly: <'chart.txt'> in: <aDirectory> 
File>>openReadOnly
File>>readStream
File class>>pathNameReadOnly: <'chart.txt'> in: <aDirectory> 
Directory>>fileReadOnly: <'chart.txt'> 
BasicFile>>from: <'chart.txt'> mode: <'INPUT'> handle: <'#chart'> 
BasicFile class>>from: <'chart.txt'> mode: <'INPUT'> handle: <'#chart'> owner: <aBasicRunProgram> length: <anUndefinedObject> 
[] in OpenCommand>>using:
[] in BasicRunProgram>>begin
ExceptionHandler>>evaluateProtectedBlock: <aBlockClosure> 
[] in ExceptionHandler>>activateDuring:
ProtectedFrameMarker(BlockClosure)>>setUnwind: <aBlockClosure> 
BlockClosure>>invisibleEnsure: <aBlockClosure> 
ExceptionHandler>>activateDuring: <aBlockClosure> 


Error log timestamp Friday 01/27/06 03:07:11 PM

Runtime error: OS Error: The system cannot find the file specified.

Error(Exception)>>defaultAction
Error(Exception)>>activateHandler: <anUndefinedObject> 
Error(Exception)>>handle
Error(Exception)>>signal
Error class(Exception class)>>signal: <'OS Error: The system...'> 
BasicProgram(Object)>>error: <'OS Error: The system...'> 
BasicProgram>>terminateRun: <aFileError> 
[] in BasicProgram>>errorHandlerBlock
ExceptionHandler>>evaluateResponseBlock: <aBlockClosure> for: <aFileError> 
[] in ExceptionHandler>>handle:
ProtectedFrameMarker(BlockClosure)>>setUnwind: <aBlockClosure> 
BlockClosure>>invisibleEnsure: <aBlockClosure> 
ExceptionHandler>>handle: <aFileError> 
ExceptionHandler>>findHandler: <aFileError> 
FileError(Exception)>>activateHandler: <anExceptionHandler> 
FileError(Exception)>>handle
FileError(Exception)>>signal
FileError class>>signal: <'OS Error: The system...'> hostErrorCode: <2> 
HostFileSystemError>>defaultAction
ExceptionHandler>>findHandler: <aHostFileSystemError> 
HostFileSystemError(Exception)>>activateHandler: <anExceptionHandler> 
HostFileSystemError(Exception)>>handle
HostFileSystemError(Exception)>>signal
HostFileSystemError class>>signalWith: <2> 
FileHandle class>>osError: <2> 
FileHandle class(Object)>>osError
[] in FileHandle class>>open:access:share:create:attributes:
ExceptionHandler>>evaluateProtectedBlock: <aBlockClosure> 
[] in ExceptionHandler>>activateDuring:
ProtectedFrameMarker(BlockClosure)>>setUnwind: <aBlockClosure> 
BlockClosure>>invisibleEnsure: <aBlockClosure> 
ExceptionHandler>>activateDuring: <aBlockClosure> 
ExceptionHandler class>>handle: <anExceptionSet> with: <aBlockClosure> during: <aBlockClosure> 
BlockClosure>>on: <anExceptionSet> do: <aBlockClosure> 
FileHandle class>>open: <'C:\Documents and Set...'> access: <2147483648> share: <3> create: <3> attributes: <128> 
FileHandle class>>open: <'chart.txt'> in: <aDirectory> access: <2147483648> share: <3> create: <3> attributes: <128> 
FileHandle class>>openReadOnly: <'chart.txt'> in: <aDirectory> 
File>>openReadOnly
File>>readStream
File class>>pathNameReadOnly: <'chart.txt'> in: <aDirectory> 
Directory>>fileReadOnly: <'chart.txt'> 
BasicFile>>from: <'chart.txt'> mode: <'INPUT'> handle: <'#chart'> 
BasicFile class>>from: <'chart.txt'> mode: <'INPUT'> handle: <'#chart'> owner: <aBasicProgram> length: <anUndefinedObject> 
[] in OpenCommand>>using:
[] in BasicProgram>>begin
ExceptionHandler>>evaluateProtectedBlock: <aBlockClosure> 
[] in ExceptionHandler>>activateDuring:
ProtectedFrameMarker(BlockClosure)>>setUnwind: <aBlockClosure> 
BlockClosure>>invisibleEnsure: <aBlockClosure> 
ExceptionHandler>>activateDuring: <aBlockClosure> 


Error log timestamp Friday 01/27/06 03:07:20 PM

Runtime error: OS Error: The system cannot find the file specified.

Error(Exception)>>defaultAction
Error(Exception)>>activateHandler: <anUndefinedObject> 
Error(Exception)>>handle
Error(Exception)>>signal
Error class(Exception class)>>signal: <'OS Error: The system...'> 
BasicRunProgram(Object)>>error: <'OS Error: The system...'> 
BasicRunProgram(BasicProgram)>>terminateRun: <aFileError> 
[] in BasicProgram>>errorHandlerBlock
ExceptionHandler>>evaluateResponseBlock: <aBlockClosure> for: <aFileError> 
[] in ExceptionHandler>>handle:
ProtectedFrameMarker(BlockClosure)>>setUnwind: <aBlockClosure> 
BlockClosure>>invisibleEnsure: <aBlockClosure> 
ExceptionHandler>>handle: <aFileError> 
ExceptionHandler>>findHandler: <aFileError> 
FileError(Exception)>>activateHandler: <anExceptionHandler> 
FileError(Exception)>>handle
FileError(Exception)>>signal
FileError class>>signal: <'OS Error: The system...'> hostErrorCode: <2> 
HostFileSystemError>>defaultAction
ExceptionHandler>>findHandler: <aHostFileSystemError> 
HostFileSystemError(Exception)>>activateHandler: <anExceptionHandler> 
HostFileSystemError(Exception)>>handle
HostFileSystemError(Exception)>>signal
HostFileSystemError class>>signalWith: <2> 
FileHandle class>>osError: <2> 
FileHandle class(Object)>>osError
[] in FileHandle class>>open:access:share:create:attributes:
ExceptionHandler>>evaluateProtectedBlock: <aBlockClosure> 
[] in ExceptionHandler>>activateDuring:
ProtectedFrameMarker(BlockClosure)>>setUnwind: <aBlockClosure> 
BlockClosure>>invisibleEnsure: <aBlockClosure> 
ExceptionHandler>>activateDuring: <aBlockClosure> 
ExceptionHandler class>>handle: <anExceptionSet> with: <aBlockClosure> during: <aBlockClosure> 
BlockClosure>>on: <anExceptionSet> do: <aBlockClosure> 
FileHandle class>>open: <'C:\Documents and Set...'> access: <2147483648> share: <3> create: <3> attributes: <128> 
FileHandle class>>open: <'chart.txt'> in: <aDirectory> access: <2147483648> share: <3> create: <3> attributes: <128> 
FileHandle class>>openReadOnly: <'chart.txt'> in: <aDirectory> 
File>>openReadOnly
File>>readStream
File class>>pathNameReadOnly: <'chart.txt'> in: <aDirectory> 
Directory>>fileReadOnly: <'chart.txt'> 
BasicFile>>from: <'chart.txt'> mode: <'INPUT'> handle: <'#chart'> 
BasicFile class>>from: <'chart.txt'> mode: <'INPUT'> handle: <'#chart'> owner: <aBasicRunProgram> length: <anUndefinedObject> 
[] in OpenCommand>>using:
[] in BasicRunProgram>>begin
ExceptionHandler>>evaluateProtectedBlock: <aBlockClosure> 
[] in ExceptionHandler>>activateDuring:
ProtectedFrameMarker(BlockClosure)>>setUnwind: <aBlockClosure> 
BlockClosure>>invisibleEnsure: <aBlockClosure> 
ExceptionHandler>>activateDuring: <aBlockClosure> 


Error log timestamp Friday 01/27/06 03:07:57 PM

Runtime error: OS Error: The filename, directory name, or volume label syntax is incorrect.

Error(Exception)>>defaultAction
Error(Exception)>>activateHandler: <anUndefinedObject> 
Error(Exception)>>handle
Error(Exception)>>signal
Error class(Exception class)>>signal: <'OS Error: The filena...'> 
BasicProgram(Object)>>error: <'OS Error: The filena...'> 
BasicProgram>>terminateRun: <aFileError> 
[] in BasicProgram>>errorHandlerBlock
ExceptionHandler>>evaluateResponseBlock: <aBlockClosure> for: <aFileError> 
[] in ExceptionHandler>>handle:
ProtectedFrameMarker(BlockClosure)>>setUnwind: <aBlockClosure> 
BlockClosure>>invisibleEnsure: <aBlockClosure> 
ExceptionHandler>>handle: <aFileError> 
ExceptionHandler>>findHandler: <aFileError> 
FileError(Exception)>>activateHandler: <anExceptionHandler> 
FileError(Exception)>>handle
FileError(Exception)>>signal
FileError class>>signal: <'OS Error: The filena...'> hostErrorCode: <123> 
HostFileSystemError>>defaultAction
ExceptionHandler>>findHandler: <aHostFileSystemError> 
HostFileSystemError(Exception)>>activateHandler: <anExceptionHandler> 
HostFileSystemError(Exception)>>handle
HostFileSystemError(Exception)>>signal
HostFileSystemError class>>signalWith: <123> 
FileHandle class>>osError: <123> 
FileHandle class(Object)>>osError
[] in FileHandle class>>open:access:share:create:attributes:
ExceptionHandler>>evaluateProtectedBlock: <aBlockClosure> 
[] in ExceptionHandler>>activateDuring:
ProtectedFrameMarker(BlockClosure)>>setUnwind: <aBlockClosure> 
BlockClosure>>invisibleEnsure: <aBlockClosure> 
ExceptionHandler>>activateDuring: <aBlockClosure> 
ExceptionHandler class>>handle: <anExceptionSet> with: <aBlockClosure> during: <aBlockClosure> 
BlockClosure>>on: <anExceptionSet> do: <aBlockClosure> 
FileHandle class>>open: <':\'> access: <2147483648> share: <3> create: <3> attributes: <128> 
FileHandle class>>open: <''> in: <aDirectory> access: <2147483648> share: <3> create: <3> attributes: <128> 
FileHandle class>>openReadOnly: <''> in: <aDirectory> 
File>>openReadOnly
File>>readStream
File class>>pathNameReadOnly: <''> in: <aDirectory> 
Directory>>fileReadOnly: <''> 
BasicFile>>from: <':\'> mode: <'INPUT'> handle: <'#1'> 
BasicFile class>>from: <':\'> mode: <'INPUT'> handle: <'#1'> owner: <aBasicProgram> length: <anUndefinedObject> 
[] in OpenCommand>>using:
[] in BasicProgram>>begin
ExceptionHandler>>evaluateProtectedBlock: <aBlockClosure> 
[] in ExceptionHandler>>activateDuring:
ProtectedFrameMarker(BlockClosure)>>setUnwind: <aBlockClosure> 
BlockClosure>>invisibleEnsure: <aBlockClosure> 
ExceptionHandler>>activateDuring: <aBlockClosure> 


Error log timestamp Friday 01/27/06 03:08:52 PM

Runtime error: OS Error: The system cannot find the file specified.

Error(Exception)>>defaultAction
Error(Exception)>>activateHandler: <anUndefinedObject> 
Error(Exception)>>handle
Error(Exception)>>signal
Error class(Exception class)>>signal: <'OS Error: The system...'> 
BasicRunProgram(Object)>>error: <'OS Error: The system...'> 
BasicRunProgram(BasicProgram)>>terminateRun: <aFileError> 
[] in BasicProgram>>errorHandlerBlock
ExceptionHandler>>evaluateResponseBlock: <aBlockClosure> for: <aFileError> 
[] in ExceptionHandler>>handle:
ProtectedFrameMarker(BlockClosure)>>setUnwind: <aBlockClosure> 
BlockClosure>>invisibleEnsure: <aBlockClosure> 
ExceptionHandler>>handle: <aFileError> 
ExceptionHandler>>findHandler: <aFileError> 
FileError(Exception)>>activateHandler: <anExceptionHandler> 
FileError(Exception)>>handle
FileError(Exception)>>signal
FileError class>>signal: <'OS Error: The system...'> hostErrorCode: <2> 
HostFileSystemError>>defaultAction
ExceptionHandler>>findHandler: <aHostFileSystemError> 
HostFileSystemError(Exception)>>activateHandler: <anExceptionHandler> 
HostFileSystemError(Exception)>>handle
HostFileSystemError(Exception)>>signal
HostFileSystemError class>>signalWith: <2> 
FileHandle class>>osError: <2> 
FileHandle class(Object)>>osError
[] in FileHandle class>>open:access:share:create:attributes:
ExceptionHandler>>evaluateProtectedBlock: <aBlockClosure> 
[] in ExceptionHandler>>activateDuring:
ProtectedFrameMarker(BlockClosure)>>setUnwind: <aBlockClosure> 
BlockClosure>>invisibleEnsure: <aBlockClosure> 
ExceptionHandler>>activateDuring: <aBlockClosure> 
ExceptionHandler class>>handle: <anExceptionSet> with: <aBlockClosure> during: <aBlockClosure> 
BlockClosure>>on: <anExceptionSet> do: <aBlockClosure> 
FileHandle class>>open: <'C:\Documents and Set...'> access: <2147483648> share: <3> create: <3> attributes: <128> 
FileHandle class>>open: <'chart.txt'> in: <aDirectory> access: <2147483648> share: <3> create: <3> attributes: <128> 
FileHandle class>>openReadOnly: <'chart.txt'> in: <aDirectory> 
File>>openReadOnly
File>>readStream
File class>>pathNameReadOnly: <'chart.txt'> in: <aDirectory> 
Directory>>fileReadOnly: <'chart.txt'> 
BasicFile>>from: <'chart.txt'> mode: <'INPUT'> handle: <'#chart'> 
BasicFile class>>from: <'chart.txt'> mode: <'INPUT'> handle: <'#chart'> owner: <aBasicRunProgram> length: <anUndefinedObject> 
[] in OpenCommand>>using:
[] in BasicRunProgram>>begin
ExceptionHandler>>evaluateProtectedBlock: <aBlockClosure> 
[] in ExceptionHandler>>activateDuring:
ProtectedFrameMarker(BlockClosure)>>setUnwind: <aBlockClosure> 
BlockClosure>>invisibleEnsure: <aBlockClosure> 
ExceptionHandler>>activateDuring: <aBlockClosure> 


Error log timestamp Friday 01/27/06 03:10:09 PM

Runtime error: Input past end of file: #1

Error(Exception)>>defaultAction
Error(Exception)>>activateHandler: <anUndefinedObject> 
Error(Exception)>>handle
Error(Exception)>>signal
Error class(Exception class)>>signal: <'Input past end of fi...'> 
BasicRunProgram(Object)>>error: <'Input past end of fi...'> 
BasicRunProgram(BasicProgram)>>terminateRun: <anError> 
[] in BasicProgram>>errorHandlerBlock
ExceptionHandler>>evaluateResponseBlock: <aBlockClosure> for: <anError> 
[] in ExceptionHandler>>handle:
ProtectedFrameMarker(BlockClosure)>>setUnwind: <aBlockClosure> 
BlockClosure>>invisibleEnsure: <aBlockClosure> 
ExceptionHandler>>handle: <anError> 
ExceptionHandler>>findHandler: <anError> 
Error(Exception)>>activateHandler: <anExceptionHandler> 
Error(Exception)>>handle
Error(Exception)>>signal
Error class(Exception class)>>signal: <'Input past end of fi...'> 
[] in InputCommand>>using:
BlockClosure>>value: <aBasicRunProgram> value: <'#1'> value: <'lenth$'> 
BasicTripleParameterContextHolder>>value
[] in BasicRunProgram>>begin
ExceptionHandler>>evaluateProtectedBlock: <aBlockClosure> 
[] in ExceptionHandler>>activateDuring:
ProtectedFrameMarker(BlockClosure)>>setUnwind: <aBlockClosure> 
BlockClosure>>invisibleEnsure: <aBlockClosure> 
ExceptionHandler>>activateDuring: <aBlockClosure> 
ExceptionHandler class>>handle: <anError class> with: <aBlockClosure> during: <aBlockClosure> 
BlockClosure>>on: <anError class> do: <aBlockClosure> 
BasicRunProgram>>begin
BasicRunProgram(BasicProgram)>>run
BasicOnDemandCompiler class>>readTknFile: <aFileStream> callingProgram: <anUndefinedObject> commandLine: <'C=Documents and Sett...'> 
Basic class>>start
Message>>perform
NotificationManager>>empty
NotificationManager>>runPendingEvents
NotificationManager>>runEventLoop
Message>>perform
Message>>evaluate
Process>>safelyEvaluate: <aMessage> 
Process>>evaluate: <aMessage> 


Error log timestamp Friday 01/27/06 03:10:19 PM

Runtime error: index: 0 is outside of collection bounds

Error(Exception)>>defaultAction
Error(Exception)>>activateHandler: <anUndefinedObject> 
Error(Exception)>>handle
Error(Exception)>>signal
Error class(Exception class)>>signal: <'index: 0 is outside ...'> 
OrderedCollection(Object)>>error: <'index: 0 is outside ...'> 
OrderedCollection(IndexedCollection)>>errorInBounds: <0> 
OrderedCollection>>at: <0> put: <anOrderedCollection> 
BasicOnDemandCompiler class>>readTknFile: <aFileStream> callingProgram: <anUndefinedObject> commandLine: <''> 
Basic class>>start
Message>>perform
NotificationManager>>empty
NotificationManager>>runPendingEvents
NotificationManager>>runEventLoop
Message>>perform
Message>>evaluate
Process>>safelyEvaluate: <aMessage> 
Process>>evaluate: <aMessage> 


Error log timestamp Friday 01/27/06 03:16:11 PM

Runtime error: bad file handle: #2

Error(Exception)>>defaultAction
Error(Exception)>>activateHandler: <anUndefinedObject> 
Error(Exception)>>handle
Error(Exception)>>signal
Error class(Exception class)>>signal: <'bad file handle: #2'> 
BasicProgram(Object)>>error: <'bad file handle: #2'> 
BasicProgram>>terminateRun: <anError> 
[] in BasicProgram>>errorHandlerBlock
ExceptionHandler>>evaluateResponseBlock: <aBlockClosure> for: <anError> 
[] in ExceptionHandler>>handle:
ProtectedFrameMarker(BlockClosure)>>setUnwind: <aBlockClosure> 
BlockClosure>>invisibleEnsure: <aBlockClosure> 
ExceptionHandler>>handle: <anError> 
ExceptionHandler>>findHandler: <anError> 
Error(Exception)>>activateHandler: <anExceptionHandler> 
Error(Exception)>>handle
Error(Exception)>>signal
Error class(Exception class)>>signal: <'bad file handle: #2'> 
BasicProgram(Object)>>error: <'bad file handle: #2'> 
[] in CloseCommand>>using:
[] in BasicProgram>>begin
ExceptionHandler>>evaluateProtectedBlock: <aBlockClosure> 
[] in ExceptionHandler>>activateDuring:
ProtectedFrameMarker(BlockClosure)>>setUnwind: <aBlockClosure> 
BlockClosure>>invisibleEnsure: <aBlockClosure> 
ExceptionHandler>>activateDuring: <aBlockClosure> 
ExceptionHandler class>>handle: <anError class> with: <aBlockClosure> during: <aBlockClosure> 
BlockClosure>>on: <anError class> do: <aBlockClosure> 
BasicProgram>>begin
BasicProgram>>run
[] in BasicSourcePane>>run
BasicCompiler class>>compileFromString: <'dim branch$(100,100)...'> notify: <aBasicSourcePane> ifSuccess: <aBlockClosure> 
BasicSourcePane>>run
BasicSourceWindow>>run
BasicEditorModel>>run: <aToolbarButton> 
BasicEditorModel(Object)>>perform: <#run:> with: <aToolbarButton> 
ToolbarButton>>triggerClickedEvent
Message>>perform
NotificationManager>>runPendingEvents
NotificationManager>>runEventLoop
Message>>perform
Message>>evaluate
Process>>safelyEvaluate: <aMessage> 
Process>>evaluate: <aMessage> 


Error log timestamp Friday 01/27/06 03:16:23 PM

Runtime error: index: 0 is outside of collection bounds

Error(Exception)>>defaultAction
Error(Exception)>>activateHandler: <anUndefinedObject> 
Error(Exception)>>handle
Error(Exception)>>signal
Error class(Exception class)>>signal: <'index: 0 is outside ...'> 
OrderedCollection(Object)>>error: <'index: 0 is outside ...'> 
OrderedCollection(IndexedCollection)>>errorInBounds: <0> 
OrderedCollection>>at: <0> put: <anOrderedCollection> 
BasicOnDemandCompiler class>>readTknFile: <aFileStream> callingProgram: <anUndefinedObject> commandLine: <''> 
Basic class>>start
Message>>perform
NotificationManager>>empty
NotificationManager>>runPendingEvents
NotificationManager>>runEventLoop
Message>>perform
Message>>evaluate
Process>>safelyEvaluate: <aMessage> 
Process>>evaluate: <aMessage> 


Error log timestamp Friday 01/27/06 03:18:24 PM

Runtime error: Error opening file: 

Error(Exception)>>defaultAction
Error(Exception)>>activateHandler: <anUndefinedObject> 
Error(Exception)>>handle
Error(Exception)>>signal
Error class(Exception class)>>signal: <'Error opening file: '> 
BasicProgram(Object)>>error: <'Error opening file: '> 
BasicProgram>>terminateRun: <anError> 
[] in BasicProgram>>errorHandlerBlock
ExceptionHandler>>evaluateResponseBlock: <aBlockClosure> for: <anError> 
[] in ExceptionHandler>>handle:
ProtectedFrameMarker(BlockClosure)>>setUnwind: <aBlockClosure> 
BlockClosure>>invisibleEnsure: <aBlockClosure> 
ExceptionHandler>>handle: <anError> 
ExceptionHandler>>findHandler: <anError> 
Error(Exception)>>activateHandler: <anExceptionHandler> 
Error(Exception)>>handle
Error(Exception)>>signal
Error class(Exception class)>>signal: <'Error opening file: '> 
BasicFile(Object)>>error: <'Error opening file: '> 
[] in BasicFile>>from:mode:handle:
ExceptionHandler>>evaluateResponseBlock: <aBlockClosure> for: <aFileError> 
[] in ExceptionHandler>>handle:
ProtectedFrameMarker(BlockClosure)>>setUnwind: <aBlockClosure> 
BlockClosure>>invisibleEnsure: <aBlockClosure> 
ExceptionHandler>>handle: <aFileError> 
ExceptionHandler>>findHandler: <aFileError> 
FileError(Exception)>>activateHandler: <anExceptionHandler> 
FileError(Exception)>>handle
FileError(Exception)>>signal
FileError class>>signal: <'OS Error: The system...'> hostErrorCode: <3> 
HostFileSystemError>>defaultAction
ExceptionHandler>>findHandler: <aHostFileSystemError> 
HostFileSystemError(Exception)>>activateHandler: <anExceptionHandler> 
HostFileSystemError(Exception)>>handle
HostFileSystemError(Exception)>>signal
HostFileSystemError class>>signalWith: <3> 
FileHandle class>>osError: <3> 
FileHandle class(Object)>>osError
[] in FileHandle class>>open:access:share:create:attributes:
ExceptionHandler>>evaluateProtectedBlock: <aBlockClosure> 
[] in ExceptionHandler>>activateDuring:
ProtectedFrameMarker(BlockClosure)>>setUnwind: <aBlockClosure> 
BlockClosure>>invisibleEnsure: <aBlockClosure> 
ExceptionHandler>>activateDuring: <aBlockClosure> 
ExceptionHandler class>>handle: <anExceptionSet> with: <aBlockClosure> during: <aBlockClosure> 
BlockClosure>>on: <anExceptionSet> do: <aBlockClosure> 
FileHandle class>>open: <'C:\Documents and Set...'> access: <3221225472> share: <3> create: <1> attributes: <128> 
File class>>createFileNamed: <'C:\Documents and Set...'> 
File>>create
Directory>>newFile: <''> 


Error log timestamp Friday 01/27/06 03:21:02 PM

Runtime error: index: 0 is outside of collection bounds

Error(Exception)>>defaultAction
Error(Exception)>>activateHandler: <anUndefinedObject> 
Error(Exception)>>handle
Error(Exception)>>signal
Error class(Exception class)>>signal: <'index: 0 is outside ...'> 
OrderedCollection(Object)>>error: <'index: 0 is outside ...'> 
OrderedCollection(IndexedCollection)>>errorInBounds: <0> 
OrderedCollection>>at: <0> put: <anOrderedCollection> 
BasicOnDemandCompiler class>>readTknFile: <aFileStream> callingProgram: <anUndefinedObject> commandLine: <''> 
Basic class>>start
Message>>perform
NotificationManager>>empty
NotificationManager>>runPendingEvents
NotificationManager>>runEventLoop
Message>>perform
Message>>evaluate
Process>>safelyEvaluate: <aMessage> 
Process>>evaluate: <aMessage> 


Error log timestamp Friday 01/27/06 08:13:56 PM

Runtime error: OS Error: The system cannot find the file specified.

Error(Exception)>>defaultAction
Error(Exception)>>activateHandler: <anUndefinedObject> 
Error(Exception)>>handle
Error(Exception)>>signal
Error class(Exception class)>>signal: <'OS Error: The system...'> 
BasicProgram(Object)>>error: <'OS Error: The system...'> 
BasicProgram>>terminateRun: <aFileError> 
[] in BasicProgram>>errorHandlerBlock
ExceptionHandler>>evaluateResponseBlock: <aBlockClosure> for: <aFileError> 
[] in ExceptionHandler>>handle:
ProtectedFrameMarker(BlockClosure)>>setUnwind: <aBlockClosure> 
BlockClosure>>invisibleEnsure: <aBlockClosure> 
ExceptionHandler>>handle: <aFileError> 
ExceptionHandler>>findHandler: <aFileError> 
FileError(Exception)>>activateHandler: <anExceptionHandler> 
FileError(Exception)>>handle
FileError(Exception)>>signal
FileError class>>signal: <'OS Error: The system...'> hostErrorCode: <2> 
HostFileSystemError>>defaultAction
ExceptionHandler>>findHandler: <aHostFileSystemError> 
HostFileSystemError(Exception)>>activateHandler: <anExceptionHandler> 
HostFileSystemError(Exception)>>handle
HostFileSystemError(Exception)>>signal
HostFileSystemError class>>signalWith: <2> 
FileHandle class>>osError: <2> 
FileHandle class(Object)>>osError
[] in FileHandle class>>open:access:share:create:attributes:
ExceptionHandler>>evaluateProtectedBlock: <aBlockClosure> 
[] in ExceptionHandler>>activateDuring:
ProtectedFrameMarker(BlockClosure)>>setUnwind: <aBlockClosure> 
BlockClosure>>invisibleEnsure: <aBlockClosure> 
ExceptionHandler>>activateDuring: <aBlockClosure> 
ExceptionHandler class>>handle: <anExceptionSet> with: <aBlockClosure> during: <aBlockClosure> 
BlockClosure>>on: <anExceptionSet> do: <aBlockClosure> 
FileHandle class>>open: <'C:\Documents and Set...'> access: <2147483648> share: <3> create: <3> attributes: <128> 
FileHandle class>>open: <'install.set'> in: <aDirectory> access: <2147483648> share: <3> create: <3> attributes: <128> 
FileHandle class>>openReadOnly: <'install.set'> in: <aDirectory> 
File>>openReadOnly
File>>readStream
File class>>pathNameReadOnly: <'install.set'> in: <aDirectory> 
Directory>>fileReadOnly: <'install.set'> 
BasicFile>>from: <'C:\Documents and Set...'> mode: <'INPUT'> handle: <'#1'> 
BasicFile class>>from: <'C:\Documents and Set...'> mode: <'INPUT'> handle: <'#1'> owner: <aBasicProgram> length: <anUndefinedObject> 
[] in OpenCommand>>using:
[] in BasicProgram>>begin
ExceptionHandler>>evaluateProtectedBlock: <aBlockClosure> 
[] in ExceptionHandler>>activateDuring:
ProtectedFrameMarker(BlockClosure)>>setUnwind: <aBlockClosure> 
BlockClosure>>invisibleEnsure: <aBlockClosure> 
ExceptionHandler>>activateDuring: <aBlockClosure> 


Error log timestamp Friday 01/27/06 08:14:08 PM

Runtime error: OS Error: The system cannot find the file specified.

Error(Exception)>>defaultAction
Error(Exception)>>activateHandler: <anUndefinedObject> 
Error(Exception)>>handle
Error(Exception)>>signal
Error class(Exception class)>>signal: <'OS Error: The system...'> 
BasicRunProgram(Object)>>error: <'OS Error: The system...'> 
BasicRunProgram(BasicProgram)>>terminateRun: <aFileError> 
[] in BasicProgram>>errorHandlerBlock
ExceptionHandler>>evaluateResponseBlock: <aBlockClosure> for: <aFileError> 
[] in ExceptionHandler>>handle:
ProtectedFrameMarker(BlockClosure)>>setUnwind: <aBlockClosure> 
BlockClosure>>invisibleEnsure: <aBlockClosure> 
ExceptionHandler>>handle: <aFileError> 
ExceptionHandler>>findHandler: <aFileError> 
FileError(Exception)>>activateHandler: <anExceptionHandler> 
FileError(Exception)>>handle
FileError(Exception)>>signal
FileError class>>signal: <'OS Error: The system...'> hostErrorCode: <2> 
HostFileSystemError>>defaultAction
ExceptionHandler>>findHandler: <aHostFileSystemError> 
HostFileSystemError(Exception)>>activateHandler: <anExceptionHandler> 
HostFileSystemError(Exception)>>handle
HostFileSystemError(Exception)>>signal
HostFileSystemError class>>signalWith: <2> 
FileHandle class>>osError: <2> 
FileHandle class(Object)>>osError
[] in FileHandle class>>open:access:share:create:attributes:
ExceptionHandler>>evaluateProtectedBlock: <aBlockClosure> 
[] in ExceptionHandler>>activateDuring:
ProtectedFrameMarker(BlockClosure)>>setUnwind: <aBlockClosure> 
BlockClosure>>invisibleEnsure: <aBlockClosure> 
ExceptionHandler>>activateDuring: <aBlockClosure> 
ExceptionHandler class>>handle: <anExceptionSet> with: <aBlockClosure> during: <aBlockClosure> 
BlockClosure>>on: <anExceptionSet> do: <aBlockClosure> 
FileHandle class>>open: <'C:\Documents and Set...'> access: <2147483648> share: <3> create: <3> attributes: <128> 
FileHandle class>>open: <'install.set'> in: <aDirectory> access: <2147483648> share: <3> create: <3> attributes: <128> 
FileHandle class>>openReadOnly: <'install.set'> in: <aDirectory> 
File>>openReadOnly
File>>readStream
File class>>pathNameReadOnly: <'install.set'> in: <aDirectory> 
Directory>>fileReadOnly: <'install.set'> 
BasicFile>>from: <'C:\Documents and Set...'> mode: <'INPUT'> handle: <'#1'> 
BasicFile class>>from: <'C:\Documents and Set...'> mode: <'INPUT'> handle: <'#1'> owner: <aBasicRunProgram> length: <anUndefinedObject> 
[] in OpenCommand>>using:
[] in BasicRunProgram>>begin
ExceptionHandler>>evaluateProtectedBlock: <aBlockClosure> 
[] in ExceptionHandler>>activateDuring:
ProtectedFrameMarker(BlockClosure)>>setUnwind: <aBlockClosure> 
BlockClosure>>invisibleEnsure: <aBlockClosure> 
ExceptionHandler>>activateDuring: <aBlockClosure> 


Error log timestamp Friday 01/27/06 08:23:19 PM

Runtime error: OS Error: The filename, directory name, or volume label syntax is incorrect.

Error(Exception)>>defaultAction
Error(Exception)>>activateHandler: <anUndefinedObject> 
Error(Exception)>>handle
Error(Exception)>>signal
Error class(Exception class)>>signal: <'OS Error: The filena...'> 
BasicProgram(Object)>>error: <'OS Error: The filena...'> 
BasicProgram>>terminateRun: <aFileError> 
[] in BasicProgram>>errorHandlerBlock
ExceptionHandler>>evaluateResponseBlock: <aBlockClosure> for: <aFileError> 
[] in ExceptionHandler>>handle:
ProtectedFrameMarker(BlockClosure)>>setUnwind: <aBlockClosure> 
BlockClosure>>invisibleEnsure: <aBlockClosure> 
ExceptionHandler>>handle: <aFileError> 
ExceptionHandler>>findHandler: <aFileError> 
FileError(Exception)>>activateHandler: <anExceptionHandler> 
FileError(Exception)>>handle
FileError(Exception)>>signal
FileError class>>signal: <'OS Error: The filena...'> hostErrorCode: <123> 
HostFileSystemError>>defaultAction
ExceptionHandler>>findHandler: <aHostFileSystemError> 
HostFileSystemError(Exception)>>activateHandler: <anExceptionHandler> 
HostFileSystemError(Exception)>>handle
HostFileSystemError(Exception)>>signal
HostFileSystemError class>>signalWith: <123> 
FileHandle class>>osError: <123> 
FileHandle class(Object)>>osError
[] in FileHandle class>>open:access:share:create:attributes:
ExceptionHandler>>evaluateProtectedBlock: <aBlockClosure> 
[] in ExceptionHandler>>activateDuring:
ProtectedFrameMarker(BlockClosure)>>setUnwind: <aBlockClosure> 
BlockClosure>>invisibleEnsure: <aBlockClosure> 
ExceptionHandler>>activateDuring: <aBlockClosure> 
ExceptionHandler class>>handle: <anExceptionSet> with: <aBlockClosure> during: <aBlockClosure> 
BlockClosure>>on: <anExceptionSet> do: <aBlockClosure> 
FileHandle class>>open: <'add C:\libertybasic....'> access: <2147483648> share: <3> create: <3> attributes: <128> 
FileHandle class>>open: <''> in: <aDirectory> access: <2147483648> share: <3> create: <3> attributes: <128> 
FileHandle class>>openReadOnly: <''> in: <aDirectory> 
File>>openReadOnly
File>>readStream
File class>>pathNameReadOnly: <''> in: <aDirectory> 
Directory>>fileReadOnly: <''> 
BasicFile>>from: <'add C:\libertybasic....'> mode: <'INPUT'> handle: <'#1'> 
BasicFile class>>from: <'add C:\libertybasic....'> mode: <'INPUT'> handle: <'#1'> owner: <aBasicProgram> length: <anUndefinedObject> 
[] in OpenCommand>>using:
[] in BasicProgram>>begin
ExceptionHandler>>evaluateProtectedBlock: <aBlockClosure> 
[] in ExceptionHandler>>activateDuring:
ProtectedFrameMarker(BlockClosure)>>setUnwind: <aBlockClosure> 
BlockClosure>>invisibleEnsure: <aBlockClosure> 
ExceptionHandler>>activateDuring: <aBlockClosure> 
